<?xml version="1.0" encoding="UTF-8"?>
<!-- Generated by org.testng.reporters.JUnitXMLReporter -->
<testsuite ignored="0" hostname="EC2AMAZ-8KL45D2" failures="0" tests="7" name="Default test" time="6.944" errors="0" timestamp="2024-10-07T06:30:35 UTC">
  <testcase classname="com.spree.test.countries" name="T01_getDefaultCountries" time="2.648"/>
  <testcase classname="com.spree.test.countries" name="T02_retrieveaCountry" time="0.25"/>
  <testcase classname="com.spree.test.countries" name="T02_retrieveaCountry" time="0.218"/>
  <testcase classname="com.spree.test.countries" name="T02_retrieveaCountry" time="0.204"/>
  <testcase classname="com.spree.test.countries" name="T02_retrieveaCountry" time="0.21"/>
  <testcase classname="com.spree.test.countries" name="T02_retrieveaCountry" time="0.21"/>
  <testcase classname="com.spree.test.countries" name="T03_listallCountries" time="1.793"/>
</testsuite> <!-- Default test -->
