<?xml version="1.0" encoding="UTF-8"?>
<testsuite name="TestSuite" time="3.711" tests="7" errors="0" skipped="0" failures="0">
  <properties>
[...]
</properties>
  <testcase name="T01_getDefaultCountries" classname="com.spree.test.countries" time="1.885"/>
  <testcase name="T02_retrieveaCountry" classname="com.spree.test.countries" time="0.225"/>
  <testcase name="T02_retrieveaCountry" classname="com.spree.test.countries" time="0.253"/>
  <testcase name="T02_retrieveaCountry" classname="com.spree.test.countries" time="0.184"/>
  <testcase name="T02_retrieveaCountry" classname="com.spree.test.countries" time="0.205"/>
  <testcase name="T02_retrieveaCountry" classname="com.spree.test.countries" time="0.218"/>
  <testcase name="T03_listallCountries" classname="com.spree.test.countries" time="1.601"/>
</testsuite>