<?xml version="1.0" encoding="UTF-8"?>
<testng-results ignored="0" total="7" passed="7" failed="0" skipped="0">
  <reporter-output>
  </reporter-output>
  <suite started-at="2024-10-07T06:39:17 UTC" name="RestAssured API Automation Framework" finished-at="2024-10-07T06:39:23 UTC" duration-ms="6502">
    <groups>
    </groups>
    <test started-at="2024-10-07T06:39:17 UTC" name="test-1" finished-at="2024-10-07T06:39:23 UTC" duration-ms="6502">
      <class name="com.spree.test.countries">
        <test-method is-config="true" signature="SetUp()[pri:0, instance:com.spree.test.countries@2d7275fc]" started-at="2024-10-07T06:39:17 UTC" name="SetUp" finished-at="2024-10-07T06:39:17 UTC" duration-ms="326" status="PASS">
          <reporter-output>
          </reporter-output>
        </test-method> <!-- SetUp -->
        <test-method is-config="true" signature="setup()[pri:0, instance:com.spree.test.countries@2d7275fc]" started-at="2024-10-07T06:39:17 UTC" name="setup" finished-at="2024-10-07T06:39:17 UTC" duration-ms="450" status="PASS">
          <reporter-output>
          </reporter-output>
        </test-method> <!-- setup -->
        <test-method signature="T01_getDefaultCountries()[pri:1, instance:com.spree.test.countries@2d7275fc]" started-at="2024-10-07T06:39:17 UTC" name="T01_getDefaultCountries" finished-at="2024-10-07T06:39:20 UTC" duration-ms="2576" status="PASS">
          <reporter-output>
          </reporter-output>
        </test-method> <!-- T01_getDefaultCountries -->
        <test-method is-config="true" signature="tearDown(org.testng.ITestResult)[pri:0, instance:com.spree.test.countries@2d7275fc]" started-at="2024-10-07T06:39:20 UTC" name="tearDown" finished-at="2024-10-07T06:39:20 UTC" duration-ms="17" status="PASS">
          <params>
            <param index="0">
              <value>
                <![CDATA[[TestResult name=T01_getDefaultCountries status=SUCCESS method=countries.T01_getDefaultCountries()[pri:1, instance:com.spree.test.countries@2d7275fc] output={null}]]]>
              </value>
            </param>
          </params>
          <reporter-output>
          </reporter-output>
        </test-method> <!-- tearDown -->
        <test-method signature="T02_retrieveaCountry(java.lang.String,java.lang.String,java.lang.String)[pri:2, instance:com.spree.test.countries@2d7275fc]" started-at="2024-10-07T06:39:20 UTC" name="T02_retrieveaCountry" data-provider="country_iso" finished-at="2024-10-07T06:39:20 UTC" duration-ms="253" status="PASS">
          <params>
            <param index="0">
              <value>
                <![CDATA[usa]]>
              </value>
            </param>
            <param index="1">
              <value>
                <![CDATA[UNITED STATES]]>
              </value>
            </param>
            <param index="2">
              <value>
                <![CDATA[USA]]>
              </value>
            </param>
          </params>
          <reporter-output>
          </reporter-output>
        </test-method> <!-- T02_retrieveaCountry -->
        <test-method is-config="true" signature="tearDown(org.testng.ITestResult)[pri:0, instance:com.spree.test.countries@2d7275fc]" started-at="2024-10-07T06:39:20 UTC" name="tearDown" finished-at="2024-10-07T06:39:20 UTC" duration-ms="0" status="PASS">
          <params>
            <param index="0">
              <value>
                <![CDATA[[TestResult name=T02_retrieveaCountry status=SUCCESS method=countries.T02_retrieveaCountry(java.lang.String,java.lang.String,java.lang.String)[pri:2, instance:com.spree.test.countries@2d7275fc] output={null}]]]>
              </value>
            </param>
          </params>
          <reporter-output>
          </reporter-output>
        </test-method> <!-- tearDown -->
        <test-method signature="T02_retrieveaCountry(java.lang.String,java.lang.String,java.lang.String)[pri:2, instance:com.spree.test.countries@2d7275fc]" started-at="2024-10-07T06:39:20 UTC" name="T02_retrieveaCountry" data-provider="country_iso" finished-at="2024-10-07T06:39:21 UTC" duration-ms="238" status="PASS">
          <params>
            <param index="0">
              <value>
                <![CDATA[ind]]>
              </value>
            </param>
            <param index="1">
              <value>
                <![CDATA[INDIA]]>
              </value>
            </param>
            <param index="2">
              <value>
                <![CDATA[IND]]>
              </value>
            </param>
          </params>
          <reporter-output>
          </reporter-output>
        </test-method> <!-- T02_retrieveaCountry -->
        <test-method is-config="true" signature="tearDown(org.testng.ITestResult)[pri:0, instance:com.spree.test.countries@2d7275fc]" started-at="2024-10-07T06:39:21 UTC" name="tearDown" finished-at="2024-10-07T06:39:21 UTC" duration-ms="0" status="PASS">
          <params>
            <param index="0">
              <value>
                <![CDATA[[TestResult name=T02_retrieveaCountry status=SUCCESS method=countries.T02_retrieveaCountry(java.lang.String,java.lang.String,java.lang.String)[pri:2, instance:com.spree.test.countries@2d7275fc] output={null}]]]>
              </value>
            </param>
          </params>
          <reporter-output>
          </reporter-output>
        </test-method> <!-- tearDown -->
        <test-method signature="T02_retrieveaCountry(java.lang.String,java.lang.String,java.lang.String)[pri:2, instance:com.spree.test.countries@2d7275fc]" started-at="2024-10-07T06:39:21 UTC" name="T02_retrieveaCountry" data-provider="country_iso" finished-at="2024-10-07T06:39:21 UTC" duration-ms="184" status="PASS">
          <params>
            <param index="0">
              <value>
                <![CDATA[pak]]>
              </value>
            </param>
            <param index="1">
              <value>
                <![CDATA[PAKISTAN]]>
              </value>
            </param>
            <param index="2">
              <value>
                <![CDATA[PAK]]>
              </value>
            </param>
          </params>
          <reporter-output>
          </reporter-output>
        </test-method> <!-- T02_retrieveaCountry -->
        <test-method is-config="true" signature="tearDown(org.testng.ITestResult)[pri:0, instance:com.spree.test.countries@2d7275fc]" started-at="2024-10-07T06:39:21 UTC" name="tearDown" finished-at="2024-10-07T06:39:21 UTC" duration-ms="1" status="PASS">
          <params>
            <param index="0">
              <value>
                <![CDATA[[TestResult name=T02_retrieveaCountry status=SUCCESS method=countries.T02_retrieveaCountry(java.lang.String,java.lang.String,java.lang.String)[pri:2, instance:com.spree.test.countries@2d7275fc] output={null}]]]>
              </value>
            </param>
          </params>
          <reporter-output>
          </reporter-output>
        </test-method> <!-- tearDown -->
        <test-method signature="T02_retrieveaCountry(java.lang.String,java.lang.String,java.lang.String)[pri:2, instance:com.spree.test.countries@2d7275fc]" started-at="2024-10-07T06:39:21 UTC" name="T02_retrieveaCountry" data-provider="country_iso" finished-at="2024-10-07T06:39:21 UTC" duration-ms="178" status="PASS">
          <params>
            <param index="0">
              <value>
                <![CDATA[gb]]>
              </value>
            </param>
            <param index="1">
              <value>
                <![CDATA[UNITED KINGDOM]]>
              </value>
            </param>
            <param index="2">
              <value>
                <![CDATA[GBR]]>
              </value>
            </param>
          </params>
          <reporter-output>
          </reporter-output>
        </test-method> <!-- T02_retrieveaCountry -->
        <test-method is-config="true" signature="tearDown(org.testng.ITestResult)[pri:0, instance:com.spree.test.countries@2d7275fc]" started-at="2024-10-07T06:39:21 UTC" name="tearDown" finished-at="2024-10-07T06:39:21 UTC" duration-ms="1" status="PASS">
          <params>
            <param index="0">
              <value>
                <![CDATA[[TestResult name=T02_retrieveaCountry status=SUCCESS method=countries.T02_retrieveaCountry(java.lang.String,java.lang.String,java.lang.String)[pri:2, instance:com.spree.test.countries@2d7275fc] output={null}]]]>
              </value>
            </param>
          </params>
          <reporter-output>
          </reporter-output>
        </test-method> <!-- tearDown -->
        <test-method signature="T02_retrieveaCountry(java.lang.String,java.lang.String,java.lang.String)[pri:2, instance:com.spree.test.countries@2d7275fc]" started-at="2024-10-07T06:39:21 UTC" name="T02_retrieveaCountry" data-provider="country_iso" finished-at="2024-10-07T06:39:21 UTC" duration-ms="179" status="PASS">
          <params>
            <param index="0">
              <value>
                <![CDATA[afg]]>
              </value>
            </param>
            <param index="1">
              <value>
                <![CDATA[AFGHANISTAN]]>
              </value>
            </param>
            <param index="2">
              <value>
                <![CDATA[AFG]]>
              </value>
            </param>
          </params>
          <reporter-output>
          </reporter-output>
        </test-method> <!-- T02_retrieveaCountry -->
        <test-method is-config="true" signature="tearDown(org.testng.ITestResult)[pri:0, instance:com.spree.test.countries@2d7275fc]" started-at="2024-10-07T06:39:21 UTC" name="tearDown" finished-at="2024-10-07T06:39:21 UTC" duration-ms="1" status="PASS">
          <params>
            <param index="0">
              <value>
                <![CDATA[[TestResult name=T02_retrieveaCountry status=SUCCESS method=countries.T02_retrieveaCountry(java.lang.String,java.lang.String,java.lang.String)[pri:2, instance:com.spree.test.countries@2d7275fc] output={null}]]]>
              </value>
            </param>
          </params>
          <reporter-output>
          </reporter-output>
        </test-method> <!-- tearDown -->
        <test-method signature="T03_listallCountries()[pri:3, instance:com.spree.test.countries@2d7275fc]" started-at="2024-10-07T06:39:21 UTC" name="T03_listallCountries" finished-at="2024-10-07T06:39:23 UTC" duration-ms="1596" status="PASS">
          <reporter-output>
          </reporter-output>
        </test-method> <!-- T03_listallCountries -->
        <test-method is-config="true" signature="tearDown(org.testng.ITestResult)[pri:0, instance:com.spree.test.countries@2d7275fc]" started-at="2024-10-07T06:39:23 UTC" name="tearDown" finished-at="2024-10-07T06:39:23 UTC" duration-ms="0" status="PASS">
          <params>
            <param index="0">
              <value>
                <![CDATA[[TestResult name=T03_listallCountries status=SUCCESS method=countries.T03_listallCountries()[pri:3, instance:com.spree.test.countries@2d7275fc] output={null}]]]>
              </value>
            </param>
          </params>
          <reporter-output>
          </reporter-output>
        </test-method> <!-- tearDown -->
        <test-method is-config="true" signature="afterTest()[pri:0, instance:com.spree.test.countries@2d7275fc]" started-at="2024-10-07T06:39:23 UTC" name="afterTest" finished-at="2024-10-07T06:39:23 UTC" duration-ms="426" status="PASS">
          <reporter-output>
          </reporter-output>
        </test-method> <!-- afterTest -->
      </class> <!-- com.spree.test.countries -->
    </test> <!-- test-1 -->
  </suite> <!-- RestAssured API Automation Framework -->
</testng-results>
